[19216:23196:0715/101106.280:WARNING:configuration_policy_handler_list.cc(90)] Unknown policy: MediaCacheSize
[19216:23196:0715/101106.676:WARNING:configuration_policy_handler_list.cc(90)] Unknown policy: MediaCacheSize
[19216:23196:0715/101114.029:INFO:CONSOLE(0)] "A cookie associated with a cross-site resource at http://salesforce.com/ was set without the `SameSite` attribute. A future release of Chrome will only deliver cookies with cross-site requests if they are set with `SameSite=None` and `Secure`. You can review cookies in developer tools under Application>Storage>Cookies and see more details at https://www.chromestatus.com/feature/5088147346030592 and https://www.chromestatus.com/feature/5633521622188032.", source: https://login.microsoftonline.com/common/DeviceAuthTls/reprocess (0)
[19216:23196:0715/101115.616:INFO:CONSOLE(0)] "A cookie associated with a cross-site resource at http://salesforce.com/ was set without the `SameSite` attribute. A future release of Chrome will only deliver cookies with cross-site requests if they are set with `SameSite=None` and `Secure`. You can review cookies in developer tools under Application>Storage>Cookies and see more details at https://www.chromestatus.com/feature/5088147346030592 and https://www.chromestatus.com/feature/5633521622188032.", source: https://salesman--c.eu16.content.force.com/secur/contentDoor?startURL=https%3A%2F%2Fsalesman.my.salesforce.com%2Floginflow%2FloginFlow.apexp%3FretURL%3D%252Fvisualforce%252Fsession%253Furl%253Dhttps%25253A%25252F%25252Fsalesman.lightning.force.com%25252Flightning%25252Fpage%25252Fhome%26sparkID%3DLoginNotificationFlow&sid=00D1t000000opYE%21AQ4AQD.iOYEItZDB7ME_CMeN3G1M2cgduioOu.vplR6LllRHEZDqtBEnkb40mlnBg0Ek1jqsSs4iLthEKqUUH395QbA8loX8&skipRedirect=1&lm=eyJlbmMiOiJBMjU2R0NNIiwiYXVkIjoiMDBEMXQwMDAwMDBvcFlFIiwia2lkIjoie1widFwiOlwiMDBEMXQwMDAwMDBvcFlFXCIsXCJ2XCI6XCIwMkcxdDAwMDAwMEhhWENcIixcImFcIjpcImNvbnRlbnRkb29ydXNlcnRyYW5zaWVudGtleWVuY3J5cHRcIixcInVcIjpcIjAwNTF0MDAwMDAzUVRpYVwifSIsImNyaXQiOlsiaWF0Il0sImlhdCI6MTU5NDgwMDY3NDQ2NiwiZXhwIjowfQ%3D%3D..AGWxsGKBQsO01o-l.y31PEb6XrmlsZJERe5zn5w%3D%3D.15TBw05lWNxSswc2Xc9wBg%3D%3D (0)
[19216:23196:0715/101118.376:INFO:CONSOLE(50212)] "WARNING: [Performance degradation] markup://aura:if ["183:0"] in force:access ["156:0"] needed to clear unrendered body.
More info: https://developer.salesforce.com/docs/atlas.en-us.lightning.meta/lightning/perf_warnings_if.htm
Component hierarchy: [one:one]>[force:access]", source: https://salesman.lightning.force.com/auraFW/javascript/ozbOZt5SYUotl8he3imvcA/aura_proddebug.js (50212)
[19216:23196:0715/101118.941:INFO:CONSOLE(50212)] "WARNING: [Performance degradation] markup://aura:iteration [id:472:0;p] in force:appMessageManager ["457:0;p"] had multiple items set in the same Aura cycle.
More info: https://developer.salesforce.com/docs/atlas.en-us.lightning.meta/lightning/perf_warnings_iteration.htm
Component hierarchy: [one:one]>[laf:appLayoutHost]>[laf:standardLayoutContainer]>[force:appMessageManager]", source: https://salesman.lightning.force.com/auraFW/javascript/ozbOZt5SYUotl8he3imvcA/aura_proddebug.js (50212)
[19216:23196:0715/101118.981:INFO:CONSOLE(50212)] "WARNING: $A.eventService.addHandler: Unknown component with globalId 'undefined'. Does this component exist?", source: https://salesman.lightning.force.com/auraFW/javascript/ozbOZt5SYUotl8he3imvcA/aura_proddebug.js (50212)
[19216:23196:0715/101119.245:INFO:CONSOLE(0)] "A cookie associated with a cross-site resource at http://salesforce.com/ was set without the `SameSite` attribute. A future release of Chrome will only deliver cookies with cross-site requests if they are set with `SameSite=None` and `Secure`. You can review cookies in developer tools under Application>Storage>Cookies and see more details at https://www.chromestatus.com/feature/5088147346030592 and https://www.chromestatus.com/feature/5633521622188032.", source: https://salesman.lightning.force.com/lightning/page/home (0)
[19216:23196:0715/101119.839:INFO:CONSOLE(50212)] "WARNING: Component.setupAttributes: CDR[] WAS NOT AN ARRAY", source: https://salesman.lightning.force.com/auraFW/javascript/ozbOZt5SYUotl8he3imvcA/aura_proddebug.js (50212)
[19216:23196:0715/101119.856:INFO:CONSOLE(50212)] "WARNING: Component.setupAttributes: CDR[] WAS NOT AN ARRAY", source: https://salesman.lightning.force.com/auraFW/javascript/ozbOZt5SYUotl8he3imvcA/aura_proddebug.js (50212)
[19216:23196:0715/101119.867:INFO:CONSOLE(50212)] "WARNING: Component.setupAttributes: CDR[] WAS NOT AN ARRAY", source: https://salesman.lightning.force.com/auraFW/javascript/ozbOZt5SYUotl8he3imvcA/aura_proddebug.js (50212)
[19216:23196:0715/101119.873:INFO:CONSOLE(50212)] "WARNING: While creating component 'home:recentRecordContainer' ; missing required attribute 'headerTitle'. [flexipage:page] > [home:fp0M01t000000sc3vCAA__pageWithoutSobject__1594368000000] > [home:fp0M01t000000sc3vCAA__pageWithoutSobject__1594368000000] > [home:fp0M01t000000sc3vCAA__pageWithoutSobject__1594368000000] > [home:fp0M01t000000sc3vCAA__pageWithoutSobject__1594368000000] > [home:fp0M01t000000sc3vCAA__pageWithoutSobject__1594368000000] > [home:fp0M01t000000sc3vCAA__pageWithoutSobject__1594368000000] > [home:fp0M01t000000sc3vCAA__pageWithoutSobject__1594368000000] > [flexipage:runtimeComponent]", source: https://salesman.lightning.force.com/auraFW/javascript/ozbOZt5SYUotl8he3imvcA/aura_proddebug.js (50212)
[19216:23196:0715/101119.876:INFO:CONSOLE(50212)] "WARNING: While creating component 'home:recentRecordContainer' ; missing required attribute 'placeHolderName'. [flexipage:page] > [home:fp0M01t000000sc3vCAA__pageWithoutSobject__1594368000000] > [home:fp0M01t000000sc3vCAA__pageWithoutSobject__1594368000000] > [home:fp0M01t000000sc3vCAA__pageWithoutSobject__1594368000000] > [home:fp0M01t000000sc3vCAA__pageWithoutSobject__1594368000000] > [home:fp0M01t000000sc3vCAA__pageWithoutSobject__1594368000000] > [home:fp0M01t000000sc3vCAA__pageWithoutSobject__1594368000000] > [home:fp0M01t000000sc3vCAA__pageWithoutSobject__1594368000000] > [flexipage:runtimeComponent]", source: https://salesman.lightning.force.com/auraFW/javascript/ozbOZt5SYUotl8he3imvcA/aura_proddebug.js (50212)
[19216:23196:0715/101119.878:INFO:CONSOLE(50212)] "WARNING: While creating component 'home:recentRecordContainer' ; missing required attribute 'placeHolderRows'. [flexipage:page] > [home:fp0M01t000000sc3vCAA__pageWithoutSobject__1594368000000] > [home:fp0M01t000000sc3vCAA__pageWithoutSobject__1594368000000] > [home:fp0M01t000000sc3vCAA__pageWithoutSobject__1594368000000] > [home:fp0M01t000000sc3vCAA__pageWithoutSobject__1594368000000] > [home:fp0M01t000000sc3vCAA__pageWithoutSobject__1594368000000] > [home:fp0M01t000000sc3vCAA__pageWithoutSobject__1594368000000] > [home:fp0M01t000000sc3vCAA__pageWithoutSobject__1594368000000] > [flexipage:runtimeComponent]", source: https://salesman.lightning.force.com/auraFW/javascript/ozbOZt5SYUotl8he3imvcA/aura_proddebug.js (50212)
[19216:23196:0715/101119.908:INFO:CONSOLE(50212)] "WARNING: Component.setupAttributes: CDR[] WAS NOT AN ARRAY", source: https://salesman.lightning.force.com/auraFW/javascript/ozbOZt5SYUotl8he3imvcA/aura_proddebug.js (50212)
[19216:23196:0715/101119.920:INFO:CONSOLE(50212)] "WARNING: Component.setupAttributes: CDR[] WAS NOT AN ARRAY", source: https://salesman.lightning.force.com/auraFW/javascript/ozbOZt5SYUotl8he3imvcA/aura_proddebug.js (50212)
[19216:23196:0715/101119.930:INFO:CONSOLE(50212)] "WARNING: Component.setupAttributes: CDR[] WAS NOT AN ARRAY", source: https://salesman.lightning.force.com/auraFW/javascript/ozbOZt5SYUotl8he3imvcA/aura_proddebug.js (50212)
[19216:23196:0715/101119.946:INFO:CONSOLE(50212)] "WARNING: Component.setupAttributes: CDR[] WAS NOT AN ARRAY", source: https://salesman.lightning.force.com/auraFW/javascript/ozbOZt5SYUotl8he3imvcA/aura_proddebug.js (50212)
[19216:23196:0715/101119.952:INFO:CONSOLE(50212)] "WARNING: While creating component 'runtime_sales_activities:todayTaskContainer' ; missing required attribute 'headerTitle'. [flexipage:page] > [home:fp0M01t000000sc3vCAA__pageWithoutSobject__1594368000000] > [home:fp0M01t000000sc3vCAA__pageWithoutSobject__1594368000000] > [home:fp0M01t000000sc3vCAA__pageWithoutSobject__1594368000000] > [home:fp0M01t000000sc3vCAA__pageWithoutSobject__1594368000000] > [home:fp0M01t000000sc3vCAA__pageWithoutSobject__1594368000000] > [flexipage:runtimeComponent]", source: https://salesman.lightning.force.com/auraFW/javascript/ozbOZt5SYUotl8he3imvcA/aura_proddebug.js (50212)
[19216:23196:0715/101119.954:INFO:CONSOLE(50212)] "WARNING: While creating component 'runtime_sales_activities:todayTaskContainer' ; missing required attribute 'placeHolderName'. [flexipage:page] > [home:fp0M01t000000sc3vCAA__pageWithoutSobject__1594368000000] > [home:fp0M01t000000sc3vCAA__pageWithoutSobject__1594368000000] > [home:fp0M01t000000sc3vCAA__pageWithoutSobject__1594368000000] > [home:fp0M01t000000sc3vCAA__pageWithoutSobject__1594368000000] > [home:fp0M01t000000sc3vCAA__pageWithoutSobject__1594368000000] > [flexipage:runtimeComponent]", source: https://salesman.lightning.force.com/auraFW/javascript/ozbOZt5SYUotl8he3imvcA/aura_proddebug.js (50212)
[19216:23196:0715/101119.956:INFO:CONSOLE(50212)] "WARNING: While creating component 'runtime_sales_activities:todayTaskContainer' ; missing required attribute 'placeHolderRows'. [flexipage:page] > [home:fp0M01t000000sc3vCAA__pageWithoutSobject__1594368000000] > [home:fp0M01t000000sc3vCAA__pageWithoutSobject__1594368000000] > [home:fp0M01t000000sc3vCAA__pageWithoutSobject__1594368000000] > [home:fp0M01t000000sc3vCAA__pageWithoutSobject__1594368000000] > [home:fp0M01t000000sc3vCAA__pageWithoutSobject__1594368000000] > [flexipage:runtimeComponent]", source: https://salesman.lightning.force.com/auraFW/javascript/ozbOZt5SYUotl8he3imvcA/aura_proddebug.js (50212)
[19216:23196:0715/101119.993:INFO:CONSOLE(50212)] "WARNING: Component.setupAttributes: CDR[] WAS NOT AN ARRAY", source: https://salesman.lightning.force.com/auraFW/javascript/ozbOZt5SYUotl8he3imvcA/aura_proddebug.js (50212)
[19216:23196:0715/101120.002:INFO:CONSOLE(50212)] "WARNING: While creating component 'home:eventContainer' ; missing required attribute 'headerTitle'. [flexipage:page] > [home:fp0M01t000000sc3vCAA__pageWithoutSobject__1594368000000] > [home:fp0M01t000000sc3vCAA__pageWithoutSobject__1594368000000] > [home:fp0M01t000000sc3vCAA__pageWithoutSobject__1594368000000] > [home:fp0M01t000000sc3vCAA__pageWithoutSobject__1594368000000] > [home:fp0M01t000000sc3vCAA__pageWithoutSobject__1594368000000] > [flexipage:runtimeComponent]", source: https://salesman.lightning.force.com/auraFW/javascript/ozbOZt5SYUotl8he3imvcA/aura_proddebug.js (50212)
[19216:23196:0715/101120.003:INFO:CONSOLE(50212)] "WARNING: While creating component 'home:eventContainer' ; missing required attribute 'placeHolderName'. [flexipage:page] > [home:fp0M01t000000sc3vCAA__pageWithoutSobject__1594368000000] > [home:fp0M01t000000sc3vCAA__pageWithoutSobject__1594368000000] > [home:fp0M01t000000sc3vCAA__pageWithoutSobject__1594368000000] > [home:fp0M01t000000sc3vCAA__pageWithoutSobject__1594368000000] > [home:fp0M01t000000sc3vCAA__pageWithoutSobject__1594368000000] > [flexipage:runtimeComponent]", source: https://salesman.lightning.force.com/auraFW/javascript/ozbOZt5SYUotl8he3imvcA/aura_proddebug.js (50212)
[19216:23196:0715/101120.004:INFO:CONSOLE(50212)] "WARNING: While creating component 'home:eventContainer' ; missing required attribute 'placeHolderRows'. [flexipage:page] > [home:fp0M01t000000sc3vCAA__pageWithoutSobject__1594368000000] > [home:fp0M01t000000sc3vCAA__pageWithoutSobject__1594368000000] > [home:fp0M01t000000sc3vCAA__pageWithoutSobject__1594368000000] > [home:fp0M01t000000sc3vCAA__pageWithoutSobject__1594368000000] > [home:fp0M01t000000sc3vCAA__pageWithoutSobject__1594368000000] > [flexipage:runtimeComponent]", source: https://salesman.lightning.force.com/auraFW/javascript/ozbOZt5SYUotl8he3imvcA/aura_proddebug.js (50212)
[19216:23196:0715/101120.041:INFO:CONSOLE(50212)] "WARNING: Component.setupAttributes: CDR[] WAS NOT AN ARRAY", source: https://salesman.lightning.force.com/auraFW/javascript/ozbOZt5SYUotl8he3imvcA/aura_proddebug.js (50212)
[19216:23196:0715/101120.791:INFO:CONSOLE(50212)] "WARNING: [Performance degradation] markup://aura:if ["1:524;a"] in aura:if ["559:0"] needed to clear unrendered body.
More info: https://developer.salesforce.com/docs/atlas.en-us.lightning.meta/lightning/perf_warnings_if.htm
Component hierarchy: [one:one]>[laf:appLayoutHost]>[laf:standardLayoutContainer]>[laf:singlePaneWindowManager]>[laf:pageHost]>[home:landing]>[flexipage:page]>[home:fp0M01t000000sc3vCAA__pageWithoutSobject__1594368000000]>[flexipage:runtimeComponent]>[runtime_sales_activities:todayTaskContainer]>[home:homeCard]>[aura:if]", source: https://salesman.lightning.force.com/auraFW/javascript/ozbOZt5SYUotl8he3imvcA/aura_proddebug.js (50212)
[19216:23196:0715/101120.795:INFO:CONSOLE(50212)] "WARNING: [Performance degradation] markup://aura:if ["3:524;a"] in aura:if ["1:524;a"] needed to clear unrendered body.
More info: https://developer.salesforce.com/docs/atlas.en-us.lightning.meta/lightning/perf_warnings_if.htm
Component hierarchy: [one:one]>[laf:appLayoutHost]>[laf:standardLayoutContainer]>[laf:singlePaneWindowManager]>[laf:pageHost]>[home:landing]>[flexipage:page]>[home:fp0M01t000000sc3vCAA__pageWithoutSobject__1594368000000]>[flexipage:runtimeComponent]>[runtime_sales_activities:todayTaskContainer]>[home:homeCard]>[aura:if]>[aura:if]", source: https://salesman.lightning.force.com/auraFW/javascript/ozbOZt5SYUotl8he3imvcA/aura_proddebug.js (50212)
[19216:23196:0715/101120.817:INFO:CONSOLE(50212)] "WARNING: unused configs for 558;a", source: https://salesman.lightning.force.com/auraFW/javascript/ozbOZt5SYUotl8he3imvcA/aura_proddebug.js (50212)
[19216:23196:0715/101121.046:INFO:CONSOLE(7)] "sfdc-lightning/charts/stackvbar.js has been deprecated. Please update your code to use lightning-stackvbar-chart", source: https://salesman.lightning.force.com/jslibrary/1594666100000/ui-analytics-reporting/EclairNG.js (7)
[19216:23196:0715/101121.231:INFO:CONSOLE(7)] "sfdc-lightning/charts/stackvbar.js has been deprecated. Please update your code to use lightning-stackvbar-chart", source: https://salesman.lightning.force.com/jslibrary/1594666100000/ui-analytics-reporting/EclairNG.js (7)
[19216:23196:0715/101122.597:INFO:CONSOLE(604)] "[object Object]", source: https://salesman.lightning.force.com/libraries/instrumentation/beaconLib/BeaconLibrary.js (604)
[19216:23196:0715/101135.577:INFO:CONSOLE(50212)] "WARNING: [Performance degradation] markup://aura:if ["183:0"] in force:access ["156:0"] needed to clear unrendered body.
More info: https://developer.salesforce.com/docs/atlas.en-us.lightning.meta/lightning/perf_warnings_if.htm
Component hierarchy: [one:one]>[force:access]", source: https://salesman.lightning.force.com/auraFW/javascript/ozbOZt5SYUotl8he3imvcA/aura_proddebug.js (50212)
[19216:23196:0715/101137.020:INFO:CONSOLE(50212)] "WARNING: [Performance degradation] markup://aura:iteration [id:620:80;a] in force:appMessageManager ["605:80;a"] had multiple items set in the same Aura cycle.
More info: https://developer.salesforce.com/docs/atlas.en-us.lightning.meta/lightning/perf_warnings_iteration.htm
Component hierarchy: [one:one]>[laf:appLayoutHost]>[one:consoleLayoutContainer2]>[force:appMessageManager]", source: https://salesman.lightning.force.com/auraFW/javascript/ozbOZt5SYUotl8he3imvcA/aura_proddebug.js (50212)
[19216:23196:0715/101137.050:INFO:CONSOLE(50212)] "WARNING: $A.eventService.addHandler: Unknown component with globalId 'undefined'. Does this component exist?", source: https://salesman.lightning.force.com/auraFW/javascript/ozbOZt5SYUotl8he3imvcA/aura_proddebug.js (50212)
[19216:23196:0715/101137.279:INFO:CONSOLE(0)] "A cookie associated with a cross-site resource at http://salesforce.com/ was set without the `SameSite` attribute. A future release of Chrome will only deliver cookies with cross-site requests if they are set with `SameSite=None` and `Secure`. You can review cookies in developer tools under Application>Storage>Cookies and see more details at https://www.chromestatus.com/feature/5088147346030592 and https://www.chromestatus.com/feature/5633521622188032.", source: https://salesman.lightning.force.com/lightning/setup/SetupOneHome/home (0)
[19216:23196:0715/101137.949:INFO:CONSOLE(50212)] "WARNING: While creating component 'onesetup:setupNavTree' ; missing required attribute 'isCompactView'. [laf:pageHost]", source: https://salesman.lightning.force.com/auraFW/javascript/ozbOZt5SYUotl8he3imvcA/aura_proddebug.js (50212)
[19216:23196:0715/101137.996:INFO:CONSOLE(50212)] "WARNING: [Performance degradation] markup://aura:if ["310:0"] in one:consoleTabItem ["282:0"] needed to clear unrendered body.
More info: https://developer.salesforce.com/docs/atlas.en-us.lightning.meta/lightning/perf_warnings_if.htm
Component hierarchy: [one:one]>[laf:appLayoutHost]>[one:consoleLayoutContainer2]>[one:consoleNav]>[one:consoleTabContainer]>[one:consoleTabItem]", source: https://salesman.lightning.force.com/auraFW/javascript/ozbOZt5SYUotl8he3imvcA/aura_proddebug.js (50212)
[19216:23196:0715/101137.999:INFO:CONSOLE(50212)] "WARNING: [Performance degradation] markup://aura:if ["288:0"] in one:consoleTabItem ["282:0"] needed to clear unrendered body.
More info: https://developer.salesforce.com/docs/atlas.en-us.lightning.meta/lightning/perf_warnings_if.htm
Component hierarchy: [one:one]>[laf:appLayoutHost]>[one:consoleLayoutContainer2]>[one:consoleNav]>[one:consoleTabContainer]>[one:consoleTabItem]", source: https://salesman.lightning.force.com/auraFW/javascript/ozbOZt5SYUotl8he3imvcA/aura_proddebug.js (50212)
[19216:23196:0715/101138.000:INFO:CONSOLE(50212)] "WARNING: [Performance degradation] markup://aura:if ["292:0"] in aura:if ["291:0"] needed to clear unrendered body.
More info: https://developer.salesforce.com/docs/atlas.en-us.lightning.meta/lightning/perf_warnings_if.htm
Component hierarchy: [one:one]>[laf:appLayoutHost]>[one:consoleLayoutContainer2]>[one:consoleNav]>[one:consoleTabContainer]>[one:consoleTabItem]>[aura:if]", source: https://salesman.lightning.force.com/auraFW/javascript/ozbOZt5SYUotl8he3imvcA/aura_proddebug.js (50212)
[19216:23196:0715/101138.017:INFO:CONSOLE(50212)] "WARNING: [Performance degradation] markup://aura:if ["291:0"] in one:consoleTabItem ["282:0"] needed to clear unrendered body.
More info: https://developer.salesforce.com/docs/atlas.en-us.lightning.meta/lightning/perf_warnings_if.htm
Component hierarchy: [one:one]>[laf:appLayoutHost]>[one:consoleLayoutContainer2]>[one:consoleNav]>[one:consoleTabContainer]>[one:consoleTabItem]", source: https://salesman.lightning.force.com/auraFW/javascript/ozbOZt5SYUotl8he3imvcA/aura_proddebug.js (50212)
[19216:23196:0715/101138.076:INFO:CONSOLE(50212)] "WARNING: [Performance degradation] markup://aura:if ["521:0"] in one:consoleTabItem ["512:0"] needed to clear unrendered body.
More info: https://developer.salesforce.com/docs/atlas.en-us.lightning.meta/lightning/perf_warnings_if.htm
Component hierarchy: [one:one]>[laf:appLayoutHost]>[one:consoleLayoutContainer2]>[one:workspace]>[one:consoleTabset]>[one:consoleTabContainer]>[one:consoleTabItem]", source: https://salesman.lightning.force.com/auraFW/javascript/ozbOZt5SYUotl8he3imvcA/aura_proddebug.js (50212)
[19216:23196:0715/101138.097:INFO:CONSOLE(50212)] "WARNING: [Performance degradation] markup://aura:iteration [id:243:80;a] in one:consoleTabContainer ["233:80;a"] had multiple items set in the same Aura cycle.
More info: https://developer.salesforce.com/docs/atlas.en-us.lightning.meta/lightning/perf_warnings_iteration.htm
Component hierarchy: [one:one]>[laf:appLayoutHost]>[one:consoleLayoutContainer2]>[one:consoleNav]>[one:consoleTabContainer]", source: https://salesman.lightning.force.com/auraFW/javascript/ozbOZt5SYUotl8he3imvcA/aura_proddebug.js (50212)
[19216:23196:0715/101138.100:INFO:CONSOLE(50212)] "WARNING: [Performance degradation] markup://aura:if ["583:0"] in one:consoleTabItem ["555:0"] needed to clear unrendered body.
More info: https://developer.salesforce.com/docs/atlas.en-us.lightning.meta/lightning/perf_warnings_if.htm
Component hierarchy: [one:one]>[laf:appLayoutHost]>[one:consoleLayoutContainer2]>[one:consoleNav]>[one:consoleTabContainer]>[one:consoleTabItem]", source: https://salesman.lightning.force.com/auraFW/javascript/ozbOZt5SYUotl8he3imvcA/aura_proddebug.js (50212)
[19216:23196:0715/101138.101:INFO:CONSOLE(50212)] "WARNING: [Performance degradation] markup://aura:if ["561:0"] in one:consoleTabItem ["555:0"] needed to clear unrendered body.
More info: https://developer.salesforce.com/docs/atlas.en-us.lightning.meta/lightning/perf_warnings_if.htm
Component hierarchy: [one:one]>[laf:appLayoutHost]>[one:consoleLayoutContainer2]>[one:consoleNav]>[one:consoleTabContainer]>[one:consoleTabItem]", source: https://salesman.lightning.force.com/auraFW/javascript/ozbOZt5SYUotl8he3imvcA/aura_proddebug.js (50212)
[19216:23196:0715/101138.102:INFO:CONSOLE(50212)] "WARNING: [Performance degradation] markup://aura:if ["565:0"] in aura:if ["564:0"] needed to clear unrendered body.
More info: https://developer.salesforce.com/docs/atlas.en-us.lightning.meta/lightning/perf_warnings_if.htm
Component hierarchy: [one:one]>[laf:appLayoutHost]>[one:consoleLayoutContainer2]>[one:consoleNav]>[one:consoleTabContainer]>[one:consoleTabItem]>[aura:if]", source: https://salesman.lightning.force.com/auraFW/javascript/ozbOZt5SYUotl8he3imvcA/aura_proddebug.js (50212)
[19216:23196:0715/101138.164:INFO:CONSOLE(50212)] "WARNING: [Performance degradation] markup://aura:if ["788:0"] in one:consoleTabItem ["779:0"] needed to clear unrendered body.
More info: https://developer.salesforce.com/docs/atlas.en-us.lightning.meta/lightning/perf_warnings_if.htm
Component hierarchy: [one:one]>[laf:appLayoutHost]>[one:consoleLayoutContainer2]>[one:workspace]>[one:consoleTabset]>[one:consoleTabContainer]>[one:consoleTabItem]", source: https://salesman.lightning.force.com/auraFW/javascript/ozbOZt5SYUotl8he3imvcA/aura_proddebug.js (50212)
[19216:23196:0715/101138.212:INFO:CONSOLE(94)] "<lightning-spinner> The alternativeText attribute should not be empty. Please add a description of what is causing the wait.", source: https://salesman.lightning.force.com/components/lightning/spinner.js (94)
[19216:23196:0715/101138.671:INFO:CONSOLE(50212)] "WARNING: [Performance degradation] markup://aura:if ["785:0"] in one:consoleTabItem ["779:0"] needed to clear unrendered body.
More info: https://developer.salesforce.com/docs/atlas.en-us.lightning.meta/lightning/perf_warnings_if.htm
Component hierarchy: [one:one]>[laf:appLayoutHost]>[one:consoleLayoutContainer2]>[one:workspace]>[one:consoleTabset]>[one:consoleTabContainer]>[one:consoleTabItem]", source: https://salesman.lightning.force.com/auraFW/javascript/ozbOZt5SYUotl8he3imvcA/aura_proddebug.js (50212)
[19216:23196:0715/101140.147:INFO:CONSOLE(50212)] "WARNING: [Performance degradation] markup://aura:if ["1720:0"] in ui:button ["1715:0"] needed to clear unrendered body.
More info: https://developer.salesforce.com/docs/atlas.en-us.lightning.meta/lightning/perf_warnings_if.htm
Component hierarchy: [one:one]>[laf:appLayoutHost]>[one:consoleLayoutContainer2]>[one:workspace]>[laf:pageHost]>[onesetup:baseHomePage]>[onesetup:allHome]>[onesetup:setupAssistantTile]>[onesetup:helpTile]>[ui:button]", source: https://salesman.lightning.force.com/auraFW/javascript/ozbOZt5SYUotl8he3imvcA/aura_proddebug.js (50212)
[19216:23196:0715/101141.237:INFO:CONSOLE(604)] "[object Object]", source: https://salesman.lightning.force.com/libraries/instrumentation/beaconLib/BeaconLibrary.js (604)
[19216:23196:0715/101143.897:INFO:CONSOLE(47238)] "[object Object]", source: https://salesman.lightning.force.com/auraFW/javascript/ozbOZt5SYUotl8he3imvcA/aura_proddebug.js (47238)
[19216:23196:0715/101144.950:INFO:CONSOLE(50212)] "WARNING: LCE: workspaceTabWrapper#getIcon() - Unable to find icon. entityApiName is required.", source: https://salesman.lightning.force.com/auraFW/javascript/ozbOZt5SYUotl8he3imvcA/aura_proddebug.js (50212)
[19216:23196:0715/101144.981:INFO:CONSOLE(50212)] "WARNING: [Performance degradation] markup://aura:iteration [id:2374:0] in onesetup:breadcrumbs ["2368:0"] had multiple items set in the same Aura cycle.
More info: https://developer.salesforce.com/docs/atlas.en-us.lightning.meta/lightning/perf_warnings_iteration.htm
Component hierarchy: [one:one]>[laf:appLayoutHost]>[one:consoleLayoutContainer2]>[one:workspace]>[laf:pageHost]>[onesetup:setupAlohaPage]>[onesetup:setupComponent]>[aura:if]>[aura:if]>[onesetup:setupHeader]>[aura:if]>[onesetup:breadcrumbs]", source: https://salesman.lightning.force.com/auraFW/javascript/ozbOZt5SYUotl8he3imvcA/aura_proddebug.js (50212)
[19216:23196:0715/101145.021:INFO:CONSOLE(47238)] "[LEXI:aloha-page:address] address set to /005?isUserEntityOverride=1&retURL=%2Fsetup%2Fhome&appLayout=setup", source: https://salesman.lightning.force.com/auraFW/javascript/ozbOZt5SYUotl8he3imvcA/aura_proddebug.js (47238)
[19216:23196:0715/101145.028:INFO:CONSOLE(4763)] "Error: [LWC error]: Invalid event type "WireContextEvent" dispatched in element <force-aloha-page>. Event name must 1) Start with a lowercase letter 2) Contain only lowercase letters, numbers, and underscores
<force-aloha-page>", source: https://salesman.lightning.force.com/auraFW/javascript/ozbOZt5SYUotl8he3imvcA/aura_proddebug.js (4763)
[19216:23196:0715/101145.699:INFO:CONSOLE(0)] "Invalid 'X-Frame-Options' header encountered when loading 'https://salesman.my.salesforce.com/005?isUserEntityOverride=1&retURL=%2Fsetup%2Fhome&appLayout=setup&tour=&isdtp=p1&sfdcIFrameOrigin=https://salesman.lightning.force.com&sfdcIFrameHost=web&nonce=3f12b7f74169afe6a10c657d3f15c29678abf137138c5e0db656e231d85f703c&ltn_app_id=06m1t000001QYs5AAG&clc=1': 'ALLOW-FROM https://salesman.lightning.force.com' is not a recognized directive. The header will be ignored.", source: https://salesman.lightning.force.com/lightning/setup/ManageUsers/home (0)
[19216:23196:0715/101147.962:INFO:CONSOLE(47238)] "[LEXI:aloha-page:frame-listener] handling frame event {"isPageLoaded":false,"data":{"isOriginBeacon":true}}", source: https://salesman.lightning.force.com/auraFW/javascript/ozbOZt5SYUotl8he3imvcA/aura_proddebug.js (47238)
[19216:23196:0715/101147.966:INFO:CONSOLE(47238)] "[LEXI:aloha-page:frame-listener] handling frame event {"isPageLoaded":false,"data":{"event":"force:toggleSpinner","arguments":{"visible":false}}}", source: https://salesman.lightning.force.com/auraFW/javascript/ozbOZt5SYUotl8he3imvcA/aura_proddebug.js (47238)
[19216:23196:0715/101147.970:INFO:CONSOLE(47238)] "[LEXI:aloha-page:frame-listener] handling frame event {"isPageLoaded":false,"data":{"locationChanged":true,"locationTitle":"All Users ~ Salesforce - Enterprise Edition","location":"https://salesman.my.salesforce.com/005?isUserEntityOverride=1&retURL=%2Fsetup%2Fhome&appLayout=setup&tour=&isdtp=p1&sfdcIFrameOrigin=https://salesman.lightning.force.com&sfdcIFrameHost=web&nonce=3f12b7f74169afe6a10c657d3f15c29678abf137138c5e0db656e231d85f703c&ltn_app_id=06m1t000001QYs5AAG&clc=1","pathname":"/005"}}", source: https://salesman.lightning.force.com/auraFW/javascript/ozbOZt5SYUotl8he3imvcA/aura_proddebug.js (47238)
[19216:23196:0715/101149.052:INFO:CONSOLE(155)] "[LEXI:navigator:communication] waiting for connection on page /005", source: https://salesman.my.salesforce.com/jslibrary/1581015810224/sfdc/AuraAlohaFrameNavigator.js (155)
[19216:23196:0715/101149.065:INFO:CONSOLE(47238)] "[LEXI:aloha-page:communication] connecting to frame ['vfFrameId_1594800705029']", source: https://salesman.lightning.force.com/auraFW/javascript/ozbOZt5SYUotl8he3imvcA/aura_proddebug.js (47238)
[19216:23196:0715/101149.068:INFO:CONSOLE(47238)] "[LEXI:aloha-page:frame-listener] handling frame event {"isPageLoaded":false,"data":{"isIosDomElementFixNeeded":true}}", source: https://salesman.lightning.force.com/auraFW/javascript/ozbOZt5SYUotl8he3imvcA/aura_proddebug.js (47238)
[19216:23196:0715/101149.070:INFO:CONSOLE(47238)] "[LEXI:aloha-page:frame-listener] handling frame event {"isPageLoaded":false,"data":{"isLoaded":true,"address":"https://salesman.my.salesforce.com/005?isUserEntityOverride=1&retURL=%2Fsetup%2Fhome&appLayout=setup&tour=&isdtp=p1&sfdcIFrameOrigin=https://salesman.lightning.force.com&sfdcIFrameHost=web&nonce=3f12b7f74169afe6a10c657d3f15c29678abf137138c5e0db656e231d85f703c&ltn_app_id=06m1t000001QYs5AAG&clc=1"}}", source: https://salesman.lightning.force.com/auraFW/javascript/ozbOZt5SYUotl8he3imvcA/aura_proddebug.js (47238)
[19216:23196:0715/101149.071:INFO:CONSOLE(47238)] "[LEXI:aloha-page:address] address set to https://salesman.my.salesforce.com/005?isUserEntityOverride=1&retURL=%2Fsetup%2Fhome&appLayout=setup&tour=&isdtp=p1&sfdcIFrameOrigin=https://salesman.lightning.force.com&sfdcIFrameHost=web&nonce=3f12b7f74169afe6a10c657d3f15c29678abf137138c5e0db656e231d85f703c&ltn_app_id=06m1t000001QYs5AAG&clc=1", source: https://salesman.lightning.force.com/auraFW/javascript/ozbOZt5SYUotl8he3imvcA/aura_proddebug.js (47238)
[19216:23196:0715/101149.072:INFO:CONSOLE(47238)] "[LEXI:aloha-page:frame-listener] frame load complete {"frameLoadedOnce":true}", source: https://salesman.lightning.force.com/auraFW/javascript/ozbOZt5SYUotl8he3imvcA/aura_proddebug.js (47238)
[19216:23196:0715/101149.179:INFO:CONSOLE(156)] "[LEXI:navigator:communication] connection established on page /005.  Lightning Message Service enabled: false", source: https://salesman.my.salesforce.com/jslibrary/1581015810224/sfdc/AuraAlohaFrameNavigator.js (156)
[19216:23196:0715/101149.182:INFO:CONSOLE(47238)] "[LEXI:aloha-page:communication] connection established for frame ['vfFrameId_1594800705029']", source: https://salesman.lightning.force.com/auraFW/javascript/ozbOZt5SYUotl8he3imvcA/aura_proddebug.js (47238)
[19216:23196:0715/101149.184:INFO:CONSOLE(47238)] "[LEXI:aloha-page:setUpIframeListeners] connected to iframe", source: https://salesman.lightning.force.com/auraFW/javascript/ozbOZt5SYUotl8he3imvcA/aura_proddebug.js (47238)
[19216:23196:0715/101149.571:INFO:CONSOLE(604)] "[object Object]", source: https://salesman.lightning.force.com/libraries/instrumentation/beaconLib/BeaconLibrary.js (604)
[19216:23196:0715/101152.441:INFO:CONSOLE(47238)] "[LEXI:aloha-page:frame-listener] handling frame event {"isPageLoaded":true,"data":{"navigateToUrl":"/005?appLayout=setup&ltn_app_id=06m1t000001QYs5AAG&isUserEntityOverride=1&sfdcIFrameHost=web&isdtp=p1&clc=1&sfdcIFrameOrigin=https%3A%2F%2Fsalesman.lightning.force.com&nonce=3f12b7f74169afe6a10c657d3f15c29678abf137138c5e0db656e231d85f703c&tour=&lsc=21&retURL=%2Fsetup%2Fhome&noredirect=1","shouldStayInOwnFrame":true}}", source: https://salesman.lightning.force.com/auraFW/javascript/ozbOZt5SYUotl8he3imvcA/aura_proddebug.js (47238)
[19216:23196:0715/101152.443:INFO:CONSOLE(47238)] "[LEXI:aloha-page:frame-listener] navigation event true /005?appLayout=setup&ltn_app_id=06m1t000001QYs5AAG&isUserEntityOverride=1&sfdcIFrameHost=web&isdtp=p1&clc=1&sfdcIFrameOrigin=https%3A%2F%2Fsalesman.lightning.force.com&nonce=3f12b7f74169afe6a10c657d3f15c29678abf137138c5e0db656e231d85f703c&tour=&lsc=21&retURL=%2Fsetup%2Fhome&noredirect=1", source: https://salesman.lightning.force.com/auraFW/javascript/ozbOZt5SYUotl8he3imvcA/aura_proddebug.js (47238)
[19216:23196:0715/101152.817:INFO:CONSOLE(47238)] "[LEXI:aloha-page:frame-listener] navigating to general page {"isPageLoaded":true,"isLoadInProgress":true,"pageReference":{"type":"standard__directCmpReference","attributes":{"name":"e.setup:navigateToSetup","attributes":{"id":"page","url":"/005?appLayout=setup&ltn_app_id=06m1t000001QYs5AAG&isUserEntityOverride=1&sfdcIFrameHost=web&clc=1&sfdcIFrameOrigin=https%3A%2F%2Fsalesman.lightning.force.com&nonce=3f12b7f74169afe6a10c657d3f15c29678abf137138c5e0db656e231d85f703c&tour=&lsc=21&retURL=%2Fsetup%2Fhome&noredirect=1","nodeId":"ManageUsers"}},"state":{}}}", source: https://salesman.lightning.force.com/auraFW/javascript/ozbOZt5SYUotl8he3imvcA/aura_proddebug.js (47238)
[19216:23196:0715/101152.818:INFO:CONSOLE(4763)] "Error: [LWC error]: Invalid event type "WireContextEvent" dispatched in element <force-aloha-page>. Event name must 1) Start with a lowercase letter 2) Contain only lowercase letters, numbers, and underscores
<force-aloha-page>", source: https://salesman.lightning.force.com/auraFW/javascript/ozbOZt5SYUotl8he3imvcA/aura_proddebug.js (4763)
[19216:23196:0715/101152.834:INFO:CONSOLE(47238)] "[object Object]", source: https://salesman.lightning.force.com/auraFW/javascript/ozbOZt5SYUotl8he3imvcA/aura_proddebug.js (47238)
[19216:23196:0715/101152.891:INFO:CONSOLE(47238)] "[LEXI:aloha-page:communication] cleaning up any frame connections", source: https://salesman.lightning.force.com/auraFW/javascript/ozbOZt5SYUotl8he3imvcA/aura_proddebug.js (47238)
[19216:23196:0715/101152.967:INFO:CONSOLE(50212)] "WARNING: LCE: workspaceTabWrapper#getIcon() - Unable to find icon. entityApiName is required.", source: https://salesman.lightning.force.com/auraFW/javascript/ozbOZt5SYUotl8he3imvcA/aura_proddebug.js (50212)
[19216:23196:0715/101153.005:INFO:CONSOLE(50212)] "WARNING: [Performance degradation] markup://aura:iteration [id:2507:0] in onesetup:breadcrumbs ["2501:0"] had multiple items set in the same Aura cycle.
More info: https://developer.salesforce.com/docs/atlas.en-us.lightning.meta/lightning/perf_warnings_iteration.htm
Component hierarchy: [one:one]>[laf:appLayoutHost]>[one:consoleLayoutContainer2]>[one:workspace]>[laf:pageHost]>[onesetup:setupAlohaPage]>[onesetup:setupComponent]>[aura:if]>[aura:if]>[onesetup:setupHeader]>[aura:if]>[onesetup:breadcrumbs]", source: https://salesman.lightning.force.com/auraFW/javascript/ozbOZt5SYUotl8he3imvcA/aura_proddebug.js (50212)
[19216:23196:0715/101153.144:INFO:CONSOLE(47238)] "[LEXI:aloha-page:address] address set to /005?appLayout=setup&ltn_app_id=06m1t000001QYs5AAG&isUserEntityOverride=1&sfdcIFrameHost=web&clc=1&sfdcIFrameOrigin=https%3A%2F%2Fsalesman.lightning.force.com&nonce=3f12b7f74169afe6a10c657d3f15c29678abf137138c5e0db656e231d85f703c&tour=&lsc=21&retURL=%2Fsetup%2Fhome&noredirect=1&appLayout=setup", source: https://salesman.lightning.force.com/auraFW/javascript/ozbOZt5SYUotl8he3imvcA/aura_proddebug.js (47238)
[19216:23196:0715/101153.164:INFO:CONSOLE(4763)] "Error: [LWC error]: Invalid event type "WireContextEvent" dispatched in element <force-aloha-page>. Event name must 1) Start with a lowercase letter 2) Contain only lowercase letters, numbers, and underscores
<force-aloha-page>", source: https://salesman.lightning.force.com/auraFW/javascript/ozbOZt5SYUotl8he3imvcA/aura_proddebug.js (4763)
[19216:23196:0715/101153.986:INFO:CONSOLE(0)] "Invalid 'X-Frame-Options' header encountered when loading 'https://salesman.my.salesforce.com/005?appLayout=setup&ltn_app_id=06m1t000001QYs5AAG&isUserEntityOverride=1&sfdcIFrameHost=web&clc=1&sfdcIFrameOrigin=https://salesman.lightning.force.com&nonce=3f12b7f74169afe6a10c657d3f15c29678abf137138c5e0db656e231d85f703c&tour=&lsc=21&retURL=%2Fsetup%2Fhome&noredirect=1&isdtp=p1': 'ALLOW-FROM https://salesman.lightning.force.com' is not a recognized directive. The header will be ignored.", source: https://salesman.lightning.force.com/lightning/setup/ManageUsers/page?address=%2F005%3FappLayout%3Dsetup%26ltn_app_id%3D06m1t000001QYs5AAG%26isUserEntityOverride%3D1%26sfdcIFrameHost%3Dweb%26clc%3D1%26sfdcIFrameOrigin%3Dhttps%253A%252F%252Fsalesman.lightning.force.com%26nonce%3D3f12b7f74169afe6a10c657d3f15c29678abf137138c5e0db656e231d85f703c%26tour%3D%26lsc%3D21%26retURL%3D%252Fsetup%252Fhome%26noredirect%3D1 (0)
[19216:23196:0715/101154.870:INFO:CONSOLE(47238)] "[LEXI:aloha-page:frame-listener] handling frame event {"isPageLoaded":false,"data":{"isOriginBeacon":true}}", source: https://salesman.lightning.force.com/auraFW/javascript/ozbOZt5SYUotl8he3imvcA/aura_proddebug.js (47238)
[19216:23196:0715/101154.883:INFO:CONSOLE(47238)] "[LEXI:aloha-page:frame-listener] handling frame event {"isPageLoaded":false,"data":{"event":"force:toggleSpinner","arguments":{"visible":false}}}", source: https://salesman.lightning.force.com/auraFW/javascript/ozbOZt5SYUotl8he3imvcA/aura_proddebug.js (47238)
[19216:23196:0715/101154.883:INFO:CONSOLE(47238)] "[LEXI:aloha-page:frame-listener] handling frame event {"isPageLoaded":false,"data":{"locationChanged":true,"locationTitle":"All Users ~ Salesforce - Enterprise Edition","location":"https://salesman.my.salesforce.com/005?appLayout=setup&ltn_app_id=06m1t000001QYs5AAG&isUserEntityOverride=1&sfdcIFrameHost=web&clc=1&sfdcIFrameOrigin=https://salesman.lightning.force.com&nonce=3f12b7f74169afe6a10c657d3f15c29678abf137138c5e0db656e231d85f703c&tour=&lsc=21&retURL=%2Fsetup%2Fhome&noredirect=1&isdtp=p1","pathname":"/005"}}", source: https://salesman.lightning.force.com/auraFW/javascript/ozbOZt5SYUotl8he3imvcA/aura_proddebug.js (47238)
[19216:23196:0715/101155.752:INFO:CONSOLE(155)] "[LEXI:navigator:communication] waiting for connection on page /005", source: https://salesman.my.salesforce.com/jslibrary/1581015810224/sfdc/AuraAlohaFrameNavigator.js (155)
[19216:23196:0715/101155.769:INFO:CONSOLE(47238)] "[LEXI:aloha-page:communication] connecting to frame ['vfFrameId_1594800713157']", source: https://salesman.lightning.force.com/auraFW/javascript/ozbOZt5SYUotl8he3imvcA/aura_proddebug.js (47238)
[19216:23196:0715/101155.774:INFO:CONSOLE(47238)] "[LEXI:aloha-page:frame-listener] handling frame event {"isPageLoaded":false,"data":{"isIosDomElementFixNeeded":true}}", source: https://salesman.lightning.force.com/auraFW/javascript/ozbOZt5SYUotl8he3imvcA/aura_proddebug.js (47238)
[19216:23196:0715/101155.776:INFO:CONSOLE(47238)] "[LEXI:aloha-page:frame-listener] handling frame event {"isPageLoaded":false,"data":{"isLoaded":true,"address":"https://salesman.my.salesforce.com/005?appLayout=setup&ltn_app_id=06m1t000001QYs5AAG&isUserEntityOverride=1&sfdcIFrameHost=web&clc=1&sfdcIFrameOrigin=https://salesman.lightning.force.com&nonce=3f12b7f74169afe6a10c657d3f15c29678abf137138c5e0db656e231d85f703c&tour=&lsc=21&retURL=%2Fsetup%2Fhome&noredirect=1&isdtp=p1"}}", source: https://salesman.lightning.force.com/auraFW/javascript/ozbOZt5SYUotl8he3imvcA/aura_proddebug.js (47238)
[19216:23196:0715/101155.777:INFO:CONSOLE(47238)] "[LEXI:aloha-page:address] address set to https://salesman.my.salesforce.com/005?appLayout=setup&ltn_app_id=06m1t000001QYs5AAG&isUserEntityOverride=1&sfdcIFrameHost=web&clc=1&sfdcIFrameOrigin=https://salesman.lightning.force.com&nonce=3f12b7f74169afe6a10c657d3f15c29678abf137138c5e0db656e231d85f703c&tour=&lsc=21&retURL=%2Fsetup%2Fhome&noredirect=1&isdtp=p1", source: https://salesman.lightning.force.com/auraFW/javascript/ozbOZt5SYUotl8he3imvcA/aura_proddebug.js (47238)
[19216:23196:0715/101155.781:INFO:CONSOLE(47238)] "[LEXI:aloha-page:frame-listener] frame load complete {"frameLoadedOnce":true}", source: https://salesman.lightning.force.com/auraFW/javascript/ozbOZt5SYUotl8he3imvcA/aura_proddebug.js (47238)
[19216:23196:0715/101155.877:INFO:CONSOLE(47238)] "[LEXI:aloha-page:communication] connection established for frame ['vfFrameId_1594800713157']", source: https://salesman.lightning.force.com/auraFW/javascript/ozbOZt5SYUotl8he3imvcA/aura_proddebug.js (47238)
[19216:23196:0715/101155.877:INFO:CONSOLE(156)] "[LEXI:navigator:communication] connection established on page /005.  Lightning Message Service enabled: false", source: https://salesman.my.salesforce.com/jslibrary/1581015810224/sfdc/AuraAlohaFrameNavigator.js (156)
[19216:23196:0715/101155.877:INFO:CONSOLE(47238)] "[LEXI:aloha-page:setUpIframeListeners] connected to iframe", source: https://salesman.lightning.force.com/auraFW/javascript/ozbOZt5SYUotl8he3imvcA/aura_proddebug.js (47238)
[19216:23196:0715/101156.052:INFO:CONSOLE(604)] "[object Object]", source: https://salesman.lightning.force.com/libraries/instrumentation/beaconLib/BeaconLibrary.js (604)
[19216:23196:0715/101203.933:INFO:CONSOLE(47238)] "[LEXI:aloha-page:frame-listener] handling frame event {"isPageLoaded":true,"data":{"navigateToUrl":"/servlet/servlet.su?oid=00D1t000000opYE&suorgadminid=0051t0000046pvu&targetURL=%2Fhome%2Fhome.jsp&retURL=%2F005%3FappLayout%3Dsetup%26ltn_app_id%3D06m1t000001QYs5AAG%26isUserEntityOverride%3D1%26sfdcIFrameHost%3Dweb%26clc%3D1%26sfdcIFrameOrigin%3Dhttps%253A%252F%252Fsalesman.lightning.force.com%26nonce%3D3f12b7f74169afe6a10c657d3f15c29678abf137138c5e0db656e231d85f703c%26tour%3D%26lsc%3D21%26retURL%3D%252Fsetup%252Fhome%26noredirect%3D1%26isdtp%3Dp1&isdtp=p1","shouldStayInOwnFrame":false}}", source: https://salesman.lightning.force.com/auraFW/javascript/ozbOZt5SYUotl8he3imvcA/aura_proddebug.js (47238)
[19216:23196:0715/101203.935:INFO:CONSOLE(47238)] "[LEXI:aloha-page:frame-listener] navigation event true /servlet/servlet.su?oid=00D1t000000opYE&suorgadminid=0051t0000046pvu&targetURL=%2Fhome%2Fhome.jsp&retURL=%2F005%3FappLayout%3Dsetup%26ltn_app_id%3D06m1t000001QYs5AAG%26isUserEntityOverride%3D1%26sfdcIFrameHost%3Dweb%26clc%3D1%26sfdcIFrameOrigin%3Dhttps%253A%252F%252Fsalesman.lightning.force.com%26nonce%3D3f12b7f74169afe6a10c657d3f15c29678abf137138c5e0db656e231d85f703c%26tour%3D%26lsc%3D21%26retURL%3D%252Fsetup%252Fhome%26noredirect%3D1%26isdtp%3Dp1&isdtp=p1", source: https://salesman.lightning.force.com/auraFW/javascript/ozbOZt5SYUotl8he3imvcA/aura_proddebug.js (47238)
[19216:23196:0715/101203.941:INFO:CONSOLE(47238)] "[LEXI:aloha-page:frame-listener] navigating to general page {"isPageLoaded":true,"isLoadInProgress":true,"pageReference":{"type":"standard__directCmpReference","attributes":{"name":"one:alohaPage","attributes":{"address":"/servlet/servlet.su?oid=00D1t000000opYE&suorgadminid=0051t0000046pvu&targetURL=%2Fhome%2Fhome.jsp&retURL=%2F005%3FappLayout%3Dsetup%26ltn_app_id%3D06m1t000001QYs5AAG%26isUserEntityOverride%3D1%26sfdcIFrameHost%3Dweb%26clc%3D1%26sfdcIFrameOrigin%3Dhttps%253A%252F%252Fsalesman.lightning.force.com%26nonce%3D3f12b7f74169afe6a10c657d3f15c29678abf137138c5e0db656e231d85f703c%26tour%3D%26lsc%3D21%26retURL%3D%252Fsetup%252Fhome%26noredirect%3D1%26isdtp%3Dp1"}},"state":{}}}", source: https://salesman.lightning.force.com/auraFW/javascript/ozbOZt5SYUotl8he3imvcA/aura_proddebug.js (47238)
[19216:23196:0715/101203.942:INFO:CONSOLE(4763)] "Error: [LWC error]: Invalid event type "WireContextEvent" dispatched in element <force-aloha-page>. Event name must 1) Start with a lowercase letter 2) Contain only lowercase letters, numbers, and underscores
<force-aloha-page>", source: https://salesman.lightning.force.com/auraFW/javascript/ozbOZt5SYUotl8he3imvcA/aura_proddebug.js (4763)
[19216:23196:0715/101203.953:INFO:CONSOLE(50212)] "WARNING: force:navigateToComponent is deprecated.  Please check the Lightning documentation on how to migrate your component to lightning:isUrlAddressable. Target component: one:alohaPage", source: https://salesman.lightning.force.com/auraFW/javascript/ozbOZt5SYUotl8he3imvcA/aura_proddebug.js (50212)
[19216:23196:0715/101204.026:INFO:CONSOLE(47238)] "[LEXI:aloha-page:communication] cleaning up any frame connections", source: https://salesman.lightning.force.com/auraFW/javascript/ozbOZt5SYUotl8he3imvcA/aura_proddebug.js (47238)
[19216:23196:0715/101204.051:INFO:CONSOLE(47238)] "[LEXI:aloha-page:address] address set to /servlet/servlet.su?oid=00D1t000000opYE&suorgadminid=0051t0000046pvu&targetURL=%2Fhome%2Fhome.jsp&retURL=%2F005%3FappLayout%3Dsetup%26ltn_app_id%3D06m1t000001QYs5AAG%26isUserEntityOverride%3D1%26sfdcIFrameHost%3Dweb%26clc%3D1%26sfdcIFrameOrigin%3Dhttps%253A%252F%252Fsalesman.lightning.force.com%26nonce%3D3f12b7f74169afe6a10c657d3f15c29678abf137138c5e0db656e231d85f703c%26tour%3D%26lsc%3D21%26retURL%3D%252Fsetup%252Fhome%26noredirect%3D1%26isdtp%3Dp1", source: https://salesman.lightning.force.com/auraFW/javascript/ozbOZt5SYUotl8he3imvcA/aura_proddebug.js (47238)
[19216:23196:0715/101204.054:INFO:CONSOLE(4763)] "Error: [LWC error]: Invalid event type "WireContextEvent" dispatched in element <force-aloha-page>. Event name must 1) Start with a lowercase letter 2) Contain only lowercase letters, numbers, and underscores
<force-aloha-page>", source: https://salesman.lightning.force.com/auraFW/javascript/ozbOZt5SYUotl8he3imvcA/aura_proddebug.js (4763)
[19216:23196:0715/101205.475:INFO:CONSOLE(47238)] "[LEXI:aloha-page:communication] connecting to frame ['vfFrameId_1594800724053']", source: https://salesman.lightning.force.com/auraFW/javascript/ozbOZt5SYUotl8he3imvcA/aura_proddebug.js (47238)
[19216:23196:0715/101210.175:INFO:CONSOLE(0)] "A cookie associated with a cross-site resource at http://salesforce.com/ was set without the `SameSite` attribute. A future release of Chrome will only deliver cookies with cross-site requests if they are set with `SameSite=None` and `Secure`. You can review cookies in developer tools under Application>Storage>Cookies and see more details at https://www.chromestatus.com/feature/5088147346030592 and https://www.chromestatus.com/feature/5633521622188032.", source: https://salesman.lightning.force.com/one/one.app (0)
[19216:23196:0715/101213.281:INFO:CONSOLE(7)] "sfdc-lightning/charts/stackvbar.js has been deprecated. Please update your code to use lightning-stackvbar-chart", source: https://salesman.lightning.force.com/jslibrary/1594666100000/ui-analytics-reporting/EclairNG.js (7)
[19216:23196:0715/101215.021:INFO:CONSOLE(37)] "[object Object]", source: https://salesman.lightning.force.com/libraries/instrumentation/beaconLib/BeaconLibrary.js (37)
[19216:23196:0715/101221.204:INFO:CONSOLE(37)] "[object Object]", source: https://salesman.lightning.force.com/libraries/instrumentation/beaconLib/BeaconLibrary.js (37)
[19216:23196:0715/101229.980:INFO:CONSOLE(2)] "<lightning-icon> Invalid icon name utility:", source: https://salesman.lightning.force.com/components/lightning/icon.js (2)
[19216:23196:0715/101309.685:INFO:CONSOLE(37)] "[object Object]", source: https://salesman.lightning.force.com/libraries/instrumentation/beaconLib/BeaconLibrary.js (37)
[19216:23196:0715/101330.707:INFO:CONSOLE(947)] "Deprecation warning: value provided is not in a recognized RFC2822 or ISO format. moment construction falls back to js Date(), which is not reliable across all browsers and versions. Non RFC2822/ISO date formats are discouraged and will be removed in an upcoming major release. Please refer to http://momentjs.com/guides/#/warnings/js-date/ for more info.
Arguments: 
[0] _isAMomentObject: true, _isUTC: false, _useUTC: false, _l: en, _i: 0 %, _f: undefined, _strict: undefined, _locale: [object Object]
Error
    at Function.createFromInputFallback (https://salesman.lightning.force.com/auraFW/javascript/ozbOZt5SYUotl8he3imvcA/aura_prod.js:948:206)
    at Ot (https://salesman.lightning.force.com/auraFW/javascript/ozbOZt5SYUotl8he3imvcA/aura_prod.js:983:448)
    at Tt (https://salesman.lightning.force.com/auraFW/javascript/ozbOZt5SYUotl8he3imvcA/aura_prod.js:985:135)
    at bt (https://salesman.lightning.force.com/auraFW/javascript/ozbOZt5SYUotl8he3imvcA/aura_prod.js:985:217)
    at Y.c [as sc] (https://salesman.lightning.force.com/auraFW/javascript/ozbOZt5SYUotl8he3imvcA/aura_prod.js:942:117)
    at Y.Lx (https://salesman.lightning.force.com/auraFW/javascript/ozbOZt5SYUotl8he3imvcA/aura_prod.js:770:341)
    at k (https://salesman.lightning.force.com/libraries/flowruntime/utils/cfv.js:2:325)
    at h (https://salesman.lightning.force.com/libraries/flowruntime/utils/cfv.js:3:192)
    at eval (https://salesman.lightning.force.com/libraries/flowruntime/utils/cfv.js:4:189)
    at Array.forEach (<anonymous>)", source: https://salesman.lightning.force.com/auraFW/javascript/ozbOZt5SYUotl8he3imvcA/aura_prod.js (947)
[19216:23196:0715/101339.382:INFO:CONSOLE(50212)] "WARNING: [Performance degradation] markup://aura:if ["183:0"] in force:access ["156:0"] needed to clear unrendered body.
More info: https://developer.salesforce.com/docs/atlas.en-us.lightning.meta/lightning/perf_warnings_if.htm
Component hierarchy: [one:one]>[force:access]", source: https://salesman.lightning.force.com/auraFW/javascript/ozbOZt5SYUotl8he3imvcA/aura_proddebug.js (50212)
[19216:23196:0715/101339.387:INFO:CONSOLE(50212)] "WARNING: Event.setParams(): 'nodeId'('ManageUsers') is not a valid parameter. Valid parameters are 'token', 'querystring'", source: https://salesman.lightning.force.com/auraFW/javascript/ozbOZt5SYUotl8he3imvcA/aura_proddebug.js (50212)
[19216:23196:0715/101339.387:INFO:CONSOLE(50212)] "WARNING: Event.setParams(): 'address'('/005?isUserEntityOverride=1&retURL=/setup/home') is not a valid parameter. Valid parameters are 'token', 'querystring'", source: https://salesman.lightning.force.com/auraFW/javascript/ozbOZt5SYUotl8he3imvcA/aura_proddebug.js (50212)
[19216:23196:0715/101339.496:INFO:CONSOLE(50212)] "WARNING: CryptoAdapter['actions']decrypt(): decryption failed for key cryptoadapter", source: https://salesman.lightning.force.com/auraFW/javascript/ozbOZt5SYUotl8he3imvcA/aura_proddebug.js (50212)
[19216:23196:0715/101339.496:INFO:CONSOLE(50212)] "WARNING: CryptoAdapter['LDS']decrypt(): decryption failed for key cryptoadapter", source: https://salesman.lightning.force.com/auraFW/javascript/ozbOZt5SYUotl8he3imvcA/aura_proddebug.js (50212)
[19216:23196:0715/101339.499:INFO:CONSOLE(50212)] "WARNING: CryptoAdapter['ldsObjectInfo']decrypt(): decryption failed for key cryptoadapter", source: https://salesman.lightning.force.com/auraFW/javascript/ozbOZt5SYUotl8he3imvcA/aura_proddebug.js (50212)
[19216:23196:0715/101339.499:INFO:CONSOLE(50212)] "WARNING: CryptoAdapter['ldsLayout']decrypt(): decryption failed for key cryptoadapter", source: https://salesman.lightning.force.com/auraFW/javascript/ozbOZt5SYUotl8he3imvcA/aura_proddebug.js (50212)
[19216:23196:0715/101339.508:INFO:CONSOLE(50212)] "WARNING: CryptoAdapter['ldsLayoutUserState']decrypt(): decryption failed for key cryptoadapter", source: https://salesman.lightning.force.com/auraFW/javascript/ozbOZt5SYUotl8he3imvcA/aura_proddebug.js (50212)
[19216:23196:0715/101339.508:INFO:CONSOLE(50212)] "WARNING: CryptoAdapter['recordGVP48.0']decrypt(): decryption failed for key cryptoadapter", source: https://salesman.lightning.force.com/auraFW/javascript/ozbOZt5SYUotl8he3imvcA/aura_proddebug.js (50212)
[19216:23196:0715/101340.301:WARNING:pref_notifier_impl.cc(40)] Pref observer for media_router.cast_allow_all_ips found at shutdown.
